
> global-marketplace@1.0.0 deploy
> npm run build && wrangler pages deploy dist/client --project-name=ur-live-working


> global-marketplace@1.0.0 build
> npm run build:client && npm run build:worker && npm run build:prepare


> global-marketplace@1.0.0 build:client
> vite build

[33mThe CJS build of Vite's Node API is deprecated. See https://vite.dev/guide/troubleshooting.html#vite-cjs-node-api-deprecated for more details.[39m
vite v5.4.21 building for production...
transforming...
(node:67065) [MODULE_TYPELESS_PACKAGE_JSON] Warning: Module type of file:///home/user/webapp/postcss.config.js is not specified and it doesn't parse as CommonJS.
Reparsing as ES module because module syntax was detected. This incurs a performance overhead.
To eliminate this warning, add "type": "module" to /home/user/webapp/package.json.
(Use `node --trace-warnings ...` to show where the warning was created)
✓ 2905 modules transformed.
rendering chunks...
computing gzip size...
dist/client/index.html                                     0.93 kB │ gzip:   0.54 kB
dist/client/assets/index-B_adZqr6.css                    105.04 kB │ gzip:  16.39 kB
dist/client/assets/react-core-B2yJ7IHB.js                  0.07 kB │ gzip:   0.08 kB
dist/client/assets/firebase-Cw_dDrbc.js                    0.53 kB │ gzip:   0.30 kB
dist/client/assets/zustand-B5dNWu36.js                     0.66 kB │ gzip:   0.41 kB
dist/client/assets/auth.store-B-3Vpby9.js                  0.66 kB │ gzip:   0.34 kB
dist/client/assets/badge-DB6pIt3z.js                       0.78 kB │ gzip:   0.41 kB
dist/client/assets/index-D1SQP9Z-.js                       0.80 kB │ gzip:   0.44 kB
dist/client/assets/seller-auth-C5BIG0aq.js                 0.83 kB │ gzip:   0.43 kB
dist/client/assets/floating-action-bar-DUhsjUM_.js         1.04 kB │ gzip:   0.52 kB
dist/client/assets/card-Dk0ubBoT.js                        1.06 kB │ gzip:   0.42 kB
dist/client/assets/index-TDKXpqT_.js                       1.09 kB │ gzip:   0.61 kB
dist/client/assets/BottomNav-V65kDjHo.js                   1.37 kB │ gzip:   0.74 kB
dist/client/assets/button-BahoWiNi.js                      1.38 kB │ gzip:   0.67 kB
dist/client/assets/MobileFooter-BkrKC9iy.js                2.01 kB │ gzip:   0.87 kB
dist/client/assets/GoogleAuthService-DceiCd8b.js           2.07 kB │ gzip:   0.78 kB
dist/client/assets/AccountDeletedPage-DEYFikLB.js          2.27 kB │ gzip:   1.15 kB
dist/client/assets/firebase-config-WzHQQIeA.js             2.45 kB │ gzip:   1.12 kB
dist/client/assets/YouTubeCallbackPage--uCsF1_Y.js         2.62 kB │ gzip:   1.21 kB
dist/client/assets/StripeCheckout-Curk5X_e.js              2.89 kB │ gzip:   1.64 kB
dist/client/assets/NotFoundPage-BkMq3Jc4.js                2.91 kB │ gzip:   1.33 kB
dist/client/assets/ServerErrorPage-B61FFRAx.js             3.09 kB │ gzip:   1.44 kB
dist/client/assets/useFirebaseStream-CPYMcTKs.js           3.41 kB │ gzip:   1.14 kB
dist/client/assets/CustomModal-l2CW8ecz.js                 3.50 kB │ gzip:   1.31 kB
dist/client/assets/KakaoCallbackPage-4fBN41Pr.js           3.52 kB │ gzip:   1.82 kB
dist/client/assets/useTranslation-BHl6-WWg.js              3.96 kB │ gzip:   1.86 kB
dist/client/assets/KakaoAuthService-BqKdfGFt.js            4.34 kB │ gzip:   1.59 kB
dist/client/assets/PaymentFailPage-B6-hViEf.js             4.44 kB │ gzip:   2.14 kB
dist/client/assets/AdminLoginPage-N_5KO1oo.js              4.45 kB │ gzip:   1.91 kB
dist/client/assets/FAQPage-BCUbx8zH.js                     4.63 kB │ gzip:   2.39 kB
dist/client/assets/PaymentDemoPage-Cz2EqiON.js             4.65 kB │ gzip:   1.93 kB
dist/client/assets/categories-CKSYZtQQ.js                  4.90 kB │ gzip:   2.16 kB
dist/client/assets/IntroducePage-ChQ3zXE2.js               4.93 kB │ gzip:   1.53 kB
dist/client/assets/firebase-auth-b5uE8D0P.js               5.08 kB │ gzip:   1.37 kB
dist/client/assets/MyPage-DKBs7Ek_.js                      5.33 kB │ gzip:   1.56 kB
dist/client/assets/TossPaymentWidget-C6mpmDoP.js           5.56 kB │ gzip:   2.76 kB
dist/client/assets/api-DtC_V7XC.js                         5.57 kB │ gzip:   2.20 kB
dist/client/assets/KakaoDebugPage-NViLlMKq.js              5.60 kB │ gzip:   2.43 kB
dist/client/assets/SellerLoginPage-BJkESTfT.js             5.96 kB │ gzip:   2.27 kB
dist/client/assets/ProductOptionForm-75JZc1st.js           6.08 kB │ gzip:   1.73 kB
dist/client/assets/SellerRegisterPage-D5u0ZxNS.js          6.48 kB │ gzip:   2.18 kB
dist/client/assets/SellerStreamEditPage-Cv1qr7aU.js        6.81 kB │ gzip:   2.26 kB
dist/client/assets/KVMonitoringPage-BCQiD6dF.js            7.14 kB │ gzip:   2.27 kB
dist/client/assets/auth-DwwCOBsY.js                        7.64 kB │ gzip:   2.48 kB
dist/client/assets/PaymentSuccessPage-W-VpC0eN.js          7.80 kB │ gzip:   2.79 kB
dist/client/assets/AddressManagementPage-DI1K02ak.js       8.01 kB │ gzip:   2.68 kB
dist/client/assets/RegisterPage-CXAEswIg.js                8.18 kB │ gzip:   2.76 kB
dist/client/assets/AccountSettingsPage-Cfepr7bc.js         8.26 kB │ gzip:   1.65 kB
dist/client/assets/TermsOfServicePage-Dq1UFyaA.js          8.28 kB │ gzip:   3.71 kB
dist/client/assets/WishlistPage-DRfiZtWo.js                8.57 kB │ gzip:   3.39 kB
dist/client/assets/SellerPublicPage-B3N-cmoO.js            8.81 kB │ gzip:   2.88 kB
dist/client/assets/SearchPage-ob9hPWhF.js                  8.84 kB │ gzip:   3.14 kB
dist/client/assets/BrowsePage-iArv8Rop.js                  8.96 kB │ gzip:   3.45 kB
dist/client/assets/SellerProductNewPage-5XGz-Jlf.js        9.37 kB │ gzip:   3.17 kB
dist/client/assets/AdminBannersPage-D312cwBC.js            9.57 kB │ gzip:   3.09 kB
dist/client/assets/AdminAlimtalkPricingPage-lmBn0DV3.js    9.82 kB │ gzip:   2.69 kB
dist/client/assets/SellerSettlementsPage-D4x7Ep4C.js      10.15 kB │ gzip:   3.04 kB
dist/client/assets/browser-ponyfill-DTfUEF7Q.js           10.26 kB │ gzip:   3.51 kB
dist/client/assets/AccountDeleteWarningPage-CeYVrF7m.js   10.33 kB │ gzip:   3.93 kB
dist/client/assets/PrivacyPolicyPage-DK6C-sok.js          11.22 kB │ gzip:   4.10 kB
dist/client/assets/SellerLiveControlPage-BikPFIun.js      11.38 kB │ gzip:   4.23 kB
dist/client/assets/SellerProductsPage-BmnBJSF_.js         11.53 kB │ gzip:   3.14 kB
dist/client/assets/SellerBusinessInfoPage-TFp7XkIr.js     11.58 kB │ gzip:   3.39 kB
dist/client/assets/AdminSettlementPage-BSh8rogi.js        11.60 kB │ gzip:   3.03 kB
dist/client/assets/SellerStreamNewPage-COgg3KR3.js        11.75 kB │ gzip:   3.44 kB
dist/client/assets/UserProfilePage-b4l7qEM6.js            11.95 kB │ gzip:   4.20 kB
dist/client/assets/LoginPage-DiMif8dc.js                  12.71 kB │ gzip:   4.29 kB
dist/client/assets/radix-ui-DYIH-lPy.js                   12.75 kB │ gzip:   4.37 kB
dist/client/assets/MainHomePage-BQEEgv8V.js               13.12 kB │ gzip:   4.43 kB
dist/client/assets/SellerProductEditPage-_dKrm1pV.js      13.35 kB │ gzip:   4.12 kB
dist/client/assets/SellerProfileEditPage-CKs6TtRa.js      13.43 kB │ gzip:   3.50 kB
dist/client/assets/AdminProductsPage-CHR53Suo.js          15.04 kB │ gzip:   4.39 kB
dist/client/assets/ShortFormPage-hq-6b9os.js              15.31 kB │ gzip:   4.12 kB
dist/client/assets/RefundPolicyPage-3G6siDrJ.js           15.48 kB │ gzip:   3.70 kB
dist/client/assets/ProductDetailPage-CCGXs1Y1.js          16.44 kB │ gzip:   5.76 kB
dist/client/assets/payments-CgTa8y7z.js                   16.71 kB │ gzip:   6.15 kB
dist/client/assets/SellerOrdersPage-BhP6fBkq.js           17.17 kB │ gzip:   4.72 kB
dist/client/assets/SellerLiveBroadcastPage-Dz4ba7Im.js    17.99 kB │ gzip:   5.33 kB
dist/client/assets/AdminPage-9B1YZEdn.js                  18.47 kB │ gzip:   4.40 kB
dist/client/assets/AdminOrdersPage-BFbbkxmR.js            19.80 kB │ gzip:   4.77 kB
dist/client/assets/CartPage-BsOd3-9_.js                   20.38 kB │ gzip:   6.84 kB
dist/client/assets/product-image-carousel-B5QWWdYV.js     21.00 kB │ gzip:   8.62 kB
dist/client/assets/MyOrdersPage-Cyozso-D.js               24.05 kB │ gzip:   6.46 kB
dist/client/assets/CheckoutPage-ChuCKG5U.js               24.79 kB │ gzip:   7.53 kB
dist/client/assets/utils-BQHNewu7.js                      26.69 kB │ gzip:   8.42 kB
dist/client/assets/HomePage-BX0kK7PC.js                   29.01 kB │ gzip:   8.52 kB
dist/client/assets/lucide-2ccqljP3.js                     34.84 kB │ gzip:   6.92 kB
dist/client/assets/index-42ANG6Sg.js                      37.09 kB │ gzip:  14.85 kB
dist/client/assets/LivePageV2-BxO2-k57.js                 40.42 kB │ gzip:  13.36 kB
dist/client/assets/tanstack-query-DIUelCte.js             42.02 kB │ gzip:  12.70 kB
dist/client/assets/ImageUpload-COJCKH6E.js                57.44 kB │ gzip:  23.02 kB
dist/client/assets/react-router-CxRGZFwN.js              163.07 kB │ gzip:  53.25 kB
dist/client/assets/index.esm-C-uy0m6c.js                 192.29 kB │ gzip:  43.82 kB
dist/client/assets/firebase-COwnK7sa.js                  251.45 kB │ gzip:  51.51 kB
dist/client/assets/SellerPage-D8hT6JqV.js                402.30 kB │ gzip: 117.43 kB
dist/client/assets/index-CLSD7uK3.js                     445.51 kB │ gzip: 139.30 kB
✓ built in 17.34s

> global-marketplace@1.0.0 build:worker
> node scripts/build-worker.js

🔧 Building Worker bundle...

  dist/_worker.js  620.8kb

⚡ Done in 136ms
✅ Worker bundle created successfully at dist/_worker.js

> global-marketplace@1.0.0 build:prepare
> cp dist/_worker.js dist/client/_worker.js && (cp dist/_routes.json dist/client/_routes.json 2>/dev/null || cp public/_routes.json dist/client/_routes.json)

[33m▲ [43;33m[[43;30mWARNING[43;33m][0m [1mProcessing wrangler.toml configuration:[0m

    - Unexpected fields found in dev field: "persist_to"



[31m✘ [41;31m[[41;97mERROR[41;31m][0m [1mIn a non-interactive environment, it's necessary to set a CLOUDFLARE_API_TOKEN environment variable for wrangler to work. Please go to https://developers.cloudflare.com/fundamentals/api/get-started/create-token/ for instructions on how to create an api token, and assign its value to CLOUDFLARE_API_TOKEN.[0m


🪵  Logs were written to "/home/user/.config/.wrangler/logs/wrangler-2026-03-20_01-37-40_470.log"
