2026-03-08 23:15:28 +00:00: 
2026-03-08 23:15:28 +00:00:  ⛅️ wrangler 4.70.0 (update available 4.71.0)
2026-03-08 23:15:28 +00:00: ─────────────────────────────────────────────
2026-03-08 23:15:28 +00:00: ✨ Compiled Worker successfully
2026-03-08 23:15:29 +00:00: ✨ Parsed 0 valid redirect rules.
2026-03-08 23:15:29 +00:00: ✨ Parsed 5 valid header rules.
2026-03-08 23:15:29 +00:00: Using secrets defined in .dev.vars
2026-03-08 23:15:29 +00:00: Your Worker has access to the following bindings:
2026-03-08 23:15:29 +00:00: Binding                                                                            Resource                  Mode
2026-03-08 23:15:29 +00:00: env.SESSION_KV (SESSION_KV)                                                        KV Namespace              local
2026-03-08 23:15:29 +00:00: env.CACHE_KV (CACHE_KV)                                                            KV Namespace              local
2026-03-08 23:15:29 +00:00: env.LIVE_CACHE (LIVE_CACHE)                                                        KV Namespace              local
2026-03-08 23:15:29 +00:00: env.DB (toss-live-commerce-db)                                                     D1 Database               local
2026-03-08 23:15:29 +00:00: env.toss-live-commerce-db (local-toss-live-commerce-db)                            D1 Database               local
2026-03-08 23:15:29 +00:00: env.CF_PAGES ("1")                                                                 Environment Variable      local
2026-03-08 23:15:29 +00:00: env.CF_PAGES_BRANCH ("main")                                                       Environment Variable      local
2026-03-08 23:15:29 +00:00: env.CF_PAGES_COMMIT_SHA ("14465c79e45415f845fc6553bd4971880558f...")               Environment Variable      local
2026-03-08 23:15:29 +00:00: env.CF_PAGES_URL ("https://14465c79.ur-live.pages.dev")                            Environment Variable      local
2026-03-08 23:15:29 +00:00: env.FIREBASE_DATABASE_URL ("(hidden)")                                             Environment Variable      local
2026-03-08 23:15:29 +00:00: env.FIREBASE_API_KEY ("(hidden)")                                                  Environment Variable      local
2026-03-08 23:15:29 +00:00: env.FIREBASE_PROJECT_ID ("(hidden)")                                               Environment Variable      local
2026-03-08 23:15:29 +00:00: env.FIREBASE_AUTH_DOMAIN ("(hidden)")                                              Environment Variable      local
2026-03-08 23:15:29 +00:00: env.FIREBASE_STORAGE_BUCKET ("(hidden)")                                           Environment Variable      local
2026-03-08 23:15:29 +00:00: env.FIREBASE_MESSAGING_SENDER_ID ("(hidden)")                                      Environment Variable      local
2026-03-08 23:15:29 +00:00: env.FIREBASE_APP_ID ("(hidden)")                                                   Environment Variable      local
2026-03-08 23:15:29 +00:00: env.FIREBASE_PRIVATE_KEY ("(hidden)")                                              Environment Variable      local
2026-03-08 23:15:29 +00:00: env.FIREBASE_CLIENT_EMAIL ("(hidden)")                                             Environment Variable      local
2026-03-08 23:15:29 +00:00: env.JWT_SECRET ("(hidden)")                                                        Environment Variable      local
2026-03-08 23:15:29 +00:00: env.REFRESH_TOKEN_SECRET ("(hidden)")                                              Environment Variable      local
2026-03-08 23:15:29 +00:00: env.TOSS_SECRET_KEY ("(hidden)")                                                   Environment Variable      local
2026-03-08 23:15:29 +00:00: env.RESEND_API_KEY ("(hidden)")                                                    Environment Variable      local
2026-03-08 23:15:29 +00:00: env.EMAIL_FROM ("(hidden)")                                                        Environment Variable      local
2026-03-08 23:15:29 +00:00: 
2026-03-08 23:15:29 +00:00: ⎔ Starting local server...
2026-03-08 23:15:30 +00:00: [wrangler:info] Ready on http://0.0.0.0:3000
2026-03-08 23:15:30 +00:00: [wrangler:info] - http://127.0.0.1:3000
2026-03-08 23:15:30 +00:00: [wrangler:info] - http://169.254.0.21:3000
2026-03-08 23:27:43 +00:00: _headers modified. Re-evaluating...
2026-03-08 23:27:43 +00:00: ✨ Parsed 0 valid redirect rules.
2026-03-08 23:27:43 +00:00: ✨ Parsed 5 valid header rules.
2026-03-09 00:27:02 +00:00: _headers modified. Re-evaluating...
2026-03-09 00:27:02 +00:00: ✨ Parsed 0 valid redirect rules.
2026-03-09 00:27:02 +00:00: ✨ Parsed 5 valid header rules.
2026-03-09 03:54:57 +00:00: _headers modified. Re-evaluating...
2026-03-09 03:54:57 +00:00: ✨ Parsed 0 valid redirect rules.
2026-03-09 03:54:57 +00:00: ✨ Parsed 5 valid header rules.
2026-03-09 07:50:01 +00:00: 
2026-03-09 07:50:01 +00:00:  ⛅️ wrangler 4.70.0 (update available 4.71.0)
2026-03-09 07:50:01 +00:00: ─────────────────────────────────────────────
2026-03-09 07:50:01 +00:00: ✨ Compiled Worker successfully
2026-03-09 07:50:02 +00:00: ✨ Parsed 0 valid redirect rules.
2026-03-09 07:50:02 +00:00: ✨ Parsed 5 valid header rules.
2026-03-09 07:50:02 +00:00: Using secrets defined in .dev.vars
2026-03-09 07:50:02 +00:00: Your Worker has access to the following bindings:
2026-03-09 07:50:02 +00:00: Binding                                                                            Resource                  Mode
2026-03-09 07:50:02 +00:00: env.SESSION_KV (SESSION_KV)                                                        KV Namespace              local
2026-03-09 07:50:02 +00:00: env.CACHE_KV (CACHE_KV)                                                            KV Namespace              local
2026-03-09 07:50:02 +00:00: env.LIVE_CACHE (LIVE_CACHE)                                                        KV Namespace              local
2026-03-09 07:50:02 +00:00: env.DB (toss-live-commerce-db)                                                     D1 Database               local
2026-03-09 07:50:02 +00:00: env.toss-live-commerce-db (local-toss-live-commerce-db)                            D1 Database               local
2026-03-09 07:50:02 +00:00: env.CF_PAGES ("1")                                                                 Environment Variable      local
2026-03-09 07:50:02 +00:00: env.CF_PAGES_BRANCH ("main")                                                       Environment Variable      local
2026-03-09 07:50:02 +00:00: env.CF_PAGES_COMMIT_SHA ("78f226328238e13e722b2dfc4cfd2cddc62f0...")               Environment Variable      local
2026-03-09 07:50:02 +00:00: env.CF_PAGES_URL ("https://78f22632.ur-live.pages.dev")                            Environment Variable      local
2026-03-09 07:50:02 +00:00: env.FIREBASE_DATABASE_URL ("(hidden)")                                             Environment Variable      local
2026-03-09 07:50:02 +00:00: env.FIREBASE_API_KEY ("(hidden)")                                                  Environment Variable      local
2026-03-09 07:50:02 +00:00: env.FIREBASE_PROJECT_ID ("(hidden)")                                               Environment Variable      local
2026-03-09 07:50:02 +00:00: env.FIREBASE_AUTH_DOMAIN ("(hidden)")                                              Environment Variable      local
2026-03-09 07:50:02 +00:00: env.FIREBASE_STORAGE_BUCKET ("(hidden)")                                           Environment Variable      local
2026-03-09 07:50:02 +00:00: env.FIREBASE_MESSAGING_SENDER_ID ("(hidden)")                                      Environment Variable      local
2026-03-09 07:50:02 +00:00: env.FIREBASE_APP_ID ("(hidden)")                                                   Environment Variable      local
2026-03-09 07:50:02 +00:00: env.FIREBASE_PRIVATE_KEY ("(hidden)")                                              Environment Variable      local
2026-03-09 07:50:02 +00:00: env.FIREBASE_CLIENT_EMAIL ("(hidden)")                                             Environment Variable      local
2026-03-09 07:50:02 +00:00: env.JWT_SECRET ("(hidden)")                                                        Environment Variable      local
2026-03-09 07:50:02 +00:00: env.REFRESH_TOKEN_SECRET ("(hidden)")                                              Environment Variable      local
2026-03-09 07:50:02 +00:00: env.TOSS_SECRET_KEY ("(hidden)")                                                   Environment Variable      local
2026-03-09 07:50:02 +00:00: env.RESEND_API_KEY ("(hidden)")                                                    Environment Variable      local
2026-03-09 07:50:02 +00:00: env.EMAIL_FROM ("(hidden)")                                                        Environment Variable      local
2026-03-09 07:50:02 +00:00: 
2026-03-09 07:50:02 +00:00: ⎔ Starting local server...
2026-03-09 07:50:03 +00:00: [wrangler:info] Ready on http://0.0.0.0:3000
2026-03-09 07:50:03 +00:00: [wrangler:info] - http://127.0.0.1:3000
2026-03-09 07:50:03 +00:00: [wrangler:info] - http://169.254.0.21:3000
2026-03-11 12:00:03 +00:00: 
2026-03-11 12:00:03 +00:00:  ⛅️ wrangler 4.70.0 (update available 4.72.0)
2026-03-11 12:00:03 +00:00: ─────────────────────────────────────────────
2026-03-11 12:00:03 +00:00: ✨ Compiled Worker successfully
2026-03-11 12:00:04 +00:00: ✨ Parsed 0 valid redirect rules.
2026-03-11 12:00:04 +00:00: ✨ Parsed 5 valid header rules.
2026-03-11 12:00:04 +00:00: Using secrets defined in .dev.vars
2026-03-11 12:00:04 +00:00: Your Worker has access to the following bindings:
2026-03-11 12:00:04 +00:00: Binding                                                                            Resource                  Mode
2026-03-11 12:00:04 +00:00: env.SESSION_KV (SESSION_KV)                                                        KV Namespace              local
2026-03-11 12:00:04 +00:00: env.CACHE_KV (CACHE_KV)                                                            KV Namespace              local
2026-03-11 12:00:04 +00:00: env.LIVE_CACHE (LIVE_CACHE)                                                        KV Namespace              local
2026-03-11 12:00:04 +00:00: env.DB (toss-live-commerce-db)                                                     D1 Database               local
2026-03-11 12:00:04 +00:00: env.toss-live-commerce-db (local-toss-live-commerce-db)                            D1 Database               local
2026-03-11 12:00:04 +00:00: env.IMAGES (ur-live-images-preview)                                                R2 Bucket                 local
2026-03-11 12:00:04 +00:00: env.CF_PAGES ("1")                                                                 Environment Variable      local
2026-03-11 12:00:04 +00:00: env.CF_PAGES_BRANCH ("main")                                                       Environment Variable      local
2026-03-11 12:00:04 +00:00: env.CF_PAGES_COMMIT_SHA ("4e7734f451a01d112d139169b3b6e5787f6ec...")               Environment Variable      local
2026-03-11 12:00:04 +00:00: env.CF_PAGES_URL ("https://4e7734f4.ur-live.pages.dev")                            Environment Variable      local
2026-03-11 12:00:04 +00:00: env.FIREBASE_DATABASE_URL ("(hidden)")                                             Environment Variable      local
2026-03-11 12:00:04 +00:00: env.FIREBASE_API_KEY ("(hidden)")                                                  Environment Variable      local
2026-03-11 12:00:04 +00:00: env.FIREBASE_PROJECT_ID ("(hidden)")                                               Environment Variable      local
2026-03-11 12:00:04 +00:00: env.FIREBASE_AUTH_DOMAIN ("(hidden)")                                              Environment Variable      local
2026-03-11 12:00:04 +00:00: env.FIREBASE_STORAGE_BUCKET ("(hidden)")                                           Environment Variable      local
2026-03-11 12:00:04 +00:00: env.FIREBASE_MESSAGING_SENDER_ID ("(hidden)")                                      Environment Variable      local
2026-03-11 12:00:04 +00:00: env.FIREBASE_APP_ID ("(hidden)")                                                   Environment Variable      local
2026-03-11 12:00:04 +00:00: env.FIREBASE_PRIVATE_KEY ("(hidden)")                                              Environment Variable      local
2026-03-11 12:00:04 +00:00: env.FIREBASE_CLIENT_EMAIL ("(hidden)")                                             Environment Variable      local
2026-03-11 12:00:04 +00:00: env.JWT_SECRET ("(hidden)")                                                        Environment Variable      local
2026-03-11 12:00:04 +00:00: env.REFRESH_TOKEN_SECRET ("(hidden)")                                              Environment Variable      local
2026-03-11 12:00:04 +00:00: env.TOSS_SECRET_KEY ("(hidden)")                                                   Environment Variable      local
2026-03-11 12:00:04 +00:00: env.RESEND_API_KEY ("(hidden)")                                                    Environment Variable      local
2026-03-11 12:00:04 +00:00: env.EMAIL_FROM ("(hidden)")                                                        Environment Variable      local
2026-03-11 12:00:04 +00:00: 
2026-03-11 12:00:04 +00:00: ⎔ Starting local server...
2026-03-11 12:00:05 +00:00: [wrangler:info] Ready on http://0.0.0.0:3000
2026-03-11 12:00:05 +00:00: [wrangler:info] - http://127.0.0.1:3000
2026-03-11 12:00:05 +00:00: [wrangler:info] - http://169.254.0.21:3000
2026-03-11 12:01:32 +00:00: _headers modified. Re-evaluating...
2026-03-11 12:01:32 +00:00: ✨ Parsed 0 valid redirect rules.
2026-03-11 12:01:32 +00:00: ✨ Parsed 5 valid header rules.
2026-03-11 12:02:57 +00:00: Using secrets defined in .dev.vars
2026-03-11 12:02:57 +00:00: Your Worker has access to the following bindings:
2026-03-11 12:02:57 +00:00: Binding                                                                            Resource                  Mode
2026-03-11 12:02:57 +00:00: env.SESSION_KV (SESSION_KV)                                                        KV Namespace              local
2026-03-11 12:02:57 +00:00: env.CACHE_KV (CACHE_KV)                                                            KV Namespace              local
2026-03-11 12:02:57 +00:00: env.LIVE_CACHE (LIVE_CACHE)                                                        KV Namespace              local
2026-03-11 12:02:57 +00:00: env.DB (toss-live-commerce-db)                                                     D1 Database               local
2026-03-11 12:02:57 +00:00: env.toss-live-commerce-db (local-toss-live-commerce-db)                            D1 Database               local
2026-03-11 12:02:57 +00:00: env.CF_PAGES ("1")                                                                 Environment Variable      local
2026-03-11 12:02:57 +00:00: env.CF_PAGES_BRANCH ("main")                                                       Environment Variable      local
2026-03-11 12:02:57 +00:00: env.CF_PAGES_COMMIT_SHA ("4e7734f451a01d112d139169b3b6e5787f6ec...")               Environment Variable      local
2026-03-11 12:02:57 +00:00: env.CF_PAGES_URL ("https://4e7734f4.ur-live.pages.dev")                            Environment Variable      local
2026-03-11 12:02:57 +00:00: env.FIREBASE_DATABASE_URL ("(hidden)")                                             Environment Variable      local
2026-03-11 12:02:57 +00:00: env.FIREBASE_API_KEY ("(hidden)")                                                  Environment Variable      local
2026-03-11 12:02:57 +00:00: env.FIREBASE_PROJECT_ID ("(hidden)")                                               Environment Variable      local
2026-03-11 12:02:57 +00:00: env.FIREBASE_AUTH_DOMAIN ("(hidden)")                                              Environment Variable      local
2026-03-11 12:02:57 +00:00: env.FIREBASE_STORAGE_BUCKET ("(hidden)")                                           Environment Variable      local
2026-03-11 12:02:57 +00:00: env.FIREBASE_MESSAGING_SENDER_ID ("(hidden)")                                      Environment Variable      local
2026-03-11 12:02:57 +00:00: env.FIREBASE_APP_ID ("(hidden)")                                                   Environment Variable      local
2026-03-11 12:02:57 +00:00: env.FIREBASE_PRIVATE_KEY ("(hidden)")                                              Environment Variable      local
2026-03-11 12:02:57 +00:00: env.FIREBASE_CLIENT_EMAIL ("(hidden)")                                             Environment Variable      local
2026-03-11 12:02:57 +00:00: env.JWT_SECRET ("(hidden)")                                                        Environment Variable      local
2026-03-11 12:02:57 +00:00: env.REFRESH_TOKEN_SECRET ("(hidden)")                                              Environment Variable      local
2026-03-11 12:02:57 +00:00: env.TOSS_SECRET_KEY ("(hidden)")                                                   Environment Variable      local
2026-03-11 12:02:57 +00:00: env.RESEND_API_KEY ("(hidden)")                                                    Environment Variable      local
2026-03-11 12:02:57 +00:00: env.EMAIL_FROM ("(hidden)")                                                        Environment Variable      local
2026-03-11 12:02:57 +00:00: 
2026-03-11 12:02:57 +00:00: ⎔ Reloading local server...
2026-03-11 12:02:57 +00:00: ⎔ Local server updated and ready
2026-03-11 12:04:37 +00:00: _headers modified. Re-evaluating...
2026-03-11 12:04:37 +00:00: ✨ Parsed 0 valid redirect rules.
2026-03-11 12:04:37 +00:00: ✨ Parsed 5 valid header rules.
2026-03-11 12:18:02 +00:00: _headers modified. Re-evaluating...
2026-03-11 12:18:02 +00:00: ✨ Parsed 0 valid redirect rules.
2026-03-11 12:18:02 +00:00: ✨ Parsed 5 valid header rules.
2026-03-11 12:26:27 +00:00: _headers modified. Re-evaluating...
2026-03-11 12:26:27 +00:00: ✨ Parsed 0 valid redirect rules.
2026-03-11 12:26:27 +00:00: ✨ Parsed 5 valid header rules.
2026-03-11 12:51:46 +00:00: _headers modified. Re-evaluating...
2026-03-11 12:51:46 +00:00: ✨ Parsed 0 valid redirect rules.
2026-03-11 12:51:46 +00:00: ✨ Parsed 5 valid header rules.
2026-03-11 13:12:31 +00:00: _headers modified. Re-evaluating...
2026-03-11 13:12:31 +00:00: ✨ Parsed 0 valid redirect rules.
2026-03-11 13:12:31 +00:00: ✨ Parsed 5 valid header rules.
2026-03-11 13:16:28 +00:00: _headers modified. Re-evaluating...
2026-03-11 13:16:28 +00:00: ✨ Parsed 0 valid redirect rules.
2026-03-11 13:16:28 +00:00: ✨ Parsed 5 valid header rules.
2026-03-11 13:17:25 +00:00: _headers modified. Re-evaluating...
2026-03-11 13:17:25 +00:00: ✨ Parsed 0 valid redirect rules.
2026-03-11 13:17:25 +00:00: ✨ Parsed 5 valid header rules.
2026-03-11 13:24:06 +00:00: _headers modified. Re-evaluating...
2026-03-11 13:24:06 +00:00: ✨ Parsed 0 valid redirect rules.
2026-03-11 13:24:06 +00:00: ✨ Parsed 5 valid header rules.
2026-03-11 13:33:50 +00:00: _headers modified. Re-evaluating...
2026-03-11 13:33:50 +00:00: ✨ Parsed 0 valid redirect rules.
2026-03-11 13:33:50 +00:00: ✨ Parsed 5 valid header rules.
2026-03-11 13:47:55 +00:00: _headers modified. Re-evaluating...
2026-03-11 13:47:55 +00:00: ✨ Parsed 0 valid redirect rules.
2026-03-11 13:47:55 +00:00: ✨ Parsed 5 valid header rules.
2026-03-11 14:06:47 +00:00: _headers modified. Re-evaluating...
2026-03-11 14:06:47 +00:00: ✨ Parsed 0 valid redirect rules.
2026-03-11 14:06:47 +00:00: ✨ Parsed 5 valid header rules.
2026-03-11 14:19:45 +00:00: _headers modified. Re-evaluating...
2026-03-11 14:19:45 +00:00: ✨ Parsed 0 valid redirect rules.
2026-03-11 14:19:45 +00:00: ✨ Parsed 5 valid header rules.
2026-03-11 14:41:00 +00:00: _headers modified. Re-evaluating...
2026-03-11 14:41:00 +00:00: ✨ Parsed 0 valid redirect rules.
2026-03-11 14:41:00 +00:00: ✨ Parsed 5 valid header rules.
2026-03-11 14:59:16 +00:00: _headers modified. Re-evaluating...
2026-03-11 14:59:16 +00:00: ✨ Parsed 0 valid redirect rules.
2026-03-11 14:59:16 +00:00: ✨ Parsed 5 valid header rules.
2026-03-11 15:01:54 +00:00: _headers modified. Re-evaluating...
2026-03-11 15:01:54 +00:00: ✨ Parsed 0 valid redirect rules.
2026-03-11 15:01:54 +00:00: ✨ Parsed 5 valid header rules.
2026-03-12 00:40:22 +00:00: _headers modified. Re-evaluating...
2026-03-12 00:40:22 +00:00: ✨ Parsed 0 valid redirect rules.
2026-03-12 00:40:22 +00:00: ✨ Parsed 5 valid header rules.
2026-03-12 00:49:23 +00:00: _headers modified. Re-evaluating...
2026-03-12 00:49:23 +00:00: ✨ Parsed 0 valid redirect rules.
2026-03-12 00:49:23 +00:00: ✨ Parsed 5 valid header rules.
2026-03-12 01:08:03 +00:00: 
2026-03-12 01:08:03 +00:00:  ⛅️ wrangler 4.70.0 (update available 4.72.0)
2026-03-12 01:08:03 +00:00: ─────────────────────────────────────────────
2026-03-12 01:08:04 +00:00: ✨ Compiled Worker successfully
2026-03-12 01:08:04 +00:00: ✨ Parsed 0 valid redirect rules.
2026-03-12 01:08:04 +00:00: ✨ Parsed 5 valid header rules.
2026-03-12 01:08:04 +00:00: Using secrets defined in .dev.vars
2026-03-12 01:08:04 +00:00: Your Worker has access to the following bindings:
2026-03-12 01:08:04 +00:00: Binding                                                                            Resource                  Mode
2026-03-12 01:08:04 +00:00: env.SESSION_KV (SESSION_KV)                                                        KV Namespace              local
2026-03-12 01:08:04 +00:00: env.CACHE_KV (CACHE_KV)                                                            KV Namespace              local
2026-03-12 01:08:04 +00:00: env.LIVE_CACHE (LIVE_CACHE)                                                        KV Namespace              local
2026-03-12 01:08:04 +00:00: env.DB (toss-live-commerce-db)                                                     D1 Database               local
2026-03-12 01:08:04 +00:00: env.toss-live-commerce-db (local-toss-live-commerce-db)                            D1 Database               local
2026-03-12 01:08:04 +00:00: env.CF_PAGES ("1")                                                                 Environment Variable      local
2026-03-12 01:08:04 +00:00: env.CF_PAGES_BRANCH ("main")                                                       Environment Variable      local
2026-03-12 01:08:04 +00:00: env.CF_PAGES_COMMIT_SHA ("fd902de0180ade136f5c5f8d7734098c63595...")               Environment Variable      local
2026-03-12 01:08:04 +00:00: env.CF_PAGES_URL ("https://fd902de0.ur-live.pages.dev")                            Environment Variable      local
2026-03-12 01:08:04 +00:00: env.FIREBASE_DATABASE_URL ("(hidden)")                                             Environment Variable      local
2026-03-12 01:08:04 +00:00: env.FIREBASE_API_KEY ("(hidden)")                                                  Environment Variable      local
2026-03-12 01:08:04 +00:00: env.FIREBASE_PROJECT_ID ("(hidden)")                                               Environment Variable      local
2026-03-12 01:08:04 +00:00: env.FIREBASE_AUTH_DOMAIN ("(hidden)")                                              Environment Variable      local
2026-03-12 01:08:04 +00:00: env.FIREBASE_STORAGE_BUCKET ("(hidden)")                                           Environment Variable      local
2026-03-12 01:08:04 +00:00: env.FIREBASE_MESSAGING_SENDER_ID ("(hidden)")                                      Environment Variable      local
2026-03-12 01:08:04 +00:00: env.FIREBASE_APP_ID ("(hidden)")                                                   Environment Variable      local
2026-03-12 01:08:04 +00:00: env.FIREBASE_PRIVATE_KEY ("(hidden)")                                              Environment Variable      local
2026-03-12 01:08:04 +00:00: env.FIREBASE_CLIENT_EMAIL ("(hidden)")                                             Environment Variable      local
2026-03-12 01:08:04 +00:00: env.JWT_SECRET ("(hidden)")                                                        Environment Variable      local
2026-03-12 01:08:04 +00:00: env.REFRESH_TOKEN_SECRET ("(hidden)")                                              Environment Variable      local
2026-03-12 01:08:04 +00:00: env.TOSS_SECRET_KEY ("(hidden)")                                                   Environment Variable      local
2026-03-12 01:08:04 +00:00: env.RESEND_API_KEY ("(hidden)")                                                    Environment Variable      local
2026-03-12 01:08:04 +00:00: env.EMAIL_FROM ("(hidden)")                                                        Environment Variable      local
2026-03-12 01:08:04 +00:00: 
2026-03-12 01:08:05 +00:00: ⎔ Starting local server...
2026-03-12 01:08:05 +00:00: [wrangler:info] Ready on http://0.0.0.0:3000
2026-03-12 01:08:05 +00:00: [wrangler:info] - http://127.0.0.1:3000
2026-03-12 01:08:05 +00:00: [wrangler:info] - http://169.254.0.21:3000
2026-03-12 03:52:54 +00:00: 
2026-03-12 03:52:54 +00:00:  ⛅️ wrangler 4.70.0 (update available 4.72.0)
2026-03-12 03:52:54 +00:00: ─────────────────────────────────────────────
2026-03-12 03:52:54 +00:00: ✨ Compiled Worker successfully
2026-03-12 03:52:55 +00:00: ✨ Parsed 0 valid redirect rules.
2026-03-12 03:52:55 +00:00: ✨ Parsed 5 valid header rules.
2026-03-12 03:52:55 +00:00: Using secrets defined in .dev.vars
2026-03-12 03:52:55 +00:00: Your Worker has access to the following bindings:
2026-03-12 03:52:55 +00:00: Binding                                                                            Resource                  Mode
2026-03-12 03:52:55 +00:00: env.SESSION_KV (SESSION_KV)                                                        KV Namespace              local
2026-03-12 03:52:55 +00:00: env.CACHE_KV (CACHE_KV)                                                            KV Namespace              local
2026-03-12 03:52:55 +00:00: env.LIVE_CACHE (LIVE_CACHE)                                                        KV Namespace              local
2026-03-12 03:52:55 +00:00: env.DB (toss-live-commerce-db)                                                     D1 Database               local
2026-03-12 03:52:55 +00:00: env.toss-live-commerce-db (local-toss-live-commerce-db)                            D1 Database               local
2026-03-12 03:52:55 +00:00: env.CF_PAGES ("1")                                                                 Environment Variable      local
2026-03-12 03:52:55 +00:00: env.CF_PAGES_BRANCH ("main")                                                       Environment Variable      local
2026-03-12 03:52:55 +00:00: env.CF_PAGES_COMMIT_SHA ("72f8f4670ed7c80fb7c3c335a41a3931a4ea5...")               Environment Variable      local
2026-03-12 03:52:55 +00:00: env.CF_PAGES_URL ("https://72f8f467.ur-live.pages.dev")                            Environment Variable      local
2026-03-12 03:52:55 +00:00: env.FIREBASE_DATABASE_URL ("(hidden)")                                             Environment Variable      local
2026-03-12 03:52:55 +00:00: env.FIREBASE_API_KEY ("(hidden)")                                                  Environment Variable      local
2026-03-12 03:52:55 +00:00: env.FIREBASE_PROJECT_ID ("(hidden)")                                               Environment Variable      local
2026-03-12 03:52:55 +00:00: env.FIREBASE_AUTH_DOMAIN ("(hidden)")                                              Environment Variable      local
2026-03-12 03:52:55 +00:00: env.FIREBASE_STORAGE_BUCKET ("(hidden)")                                           Environment Variable      local
2026-03-12 03:52:55 +00:00: env.FIREBASE_MESSAGING_SENDER_ID ("(hidden)")                                      Environment Variable      local
2026-03-12 03:52:55 +00:00: env.FIREBASE_APP_ID ("(hidden)")                                                   Environment Variable      local
2026-03-12 03:52:55 +00:00: env.FIREBASE_PRIVATE_KEY ("(hidden)")                                              Environment Variable      local
2026-03-12 03:52:55 +00:00: env.FIREBASE_CLIENT_EMAIL ("(hidden)")                                             Environment Variable      local
2026-03-12 03:52:55 +00:00: env.JWT_SECRET ("(hidden)")                                                        Environment Variable      local
2026-03-12 03:52:55 +00:00: env.REFRESH_TOKEN_SECRET ("(hidden)")                                              Environment Variable      local
2026-03-12 03:52:55 +00:00: env.TOSS_SECRET_KEY ("(hidden)")                                                   Environment Variable      local
2026-03-12 03:52:55 +00:00: env.RESEND_API_KEY ("(hidden)")                                                    Environment Variable      local
2026-03-12 03:52:55 +00:00: env.EMAIL_FROM ("(hidden)")                                                        Environment Variable      local
2026-03-12 03:52:55 +00:00: 
2026-03-12 03:52:55 +00:00: ⎔ Starting local server...
2026-03-12 03:52:56 +00:00: [wrangler:info] Ready on http://0.0.0.0:3000
2026-03-12 03:52:56 +00:00: [wrangler:info] - http://127.0.0.1:3000
2026-03-12 03:52:56 +00:00: [wrangler:info] - http://169.254.0.21:3000
2026-03-12 04:23:06 +00:00: _headers modified. Re-evaluating...
2026-03-12 04:23:06 +00:00: ✨ Parsed 0 valid redirect rules.
2026-03-12 04:23:06 +00:00: ✨ Parsed 5 valid header rules.
2026-03-12 04:31:50 +00:00: _headers modified. Re-evaluating...
2026-03-12 04:31:50 +00:00: ✨ Parsed 0 valid redirect rules.
2026-03-12 04:31:50 +00:00: ✨ Parsed 5 valid header rules.
2026-03-12 04:57:23 +00:00: _headers modified. Re-evaluating...
2026-03-12 04:57:23 +00:00: ✨ Parsed 0 valid redirect rules.
2026-03-12 04:57:23 +00:00: ✨ Parsed 5 valid header rules.
2026-03-12 05:13:23 +00:00: _headers modified. Re-evaluating...
2026-03-12 05:13:23 +00:00: ✨ Parsed 0 valid redirect rules.
2026-03-12 05:13:23 +00:00: ✨ Parsed 5 valid header rules.
