2026-03-08 23:15:29 +00:00: [33mā–² [43;33m[[43;30mWARNING[43;33m][0m [1mFound 1 invalid redirect rule:[0m
2026-03-08 23:15:29 +00:00: 
2026-03-08 23:15:29 +00:00:   ā–¶ļøˇ Infinite loop detected in this rule and has been ignored. This will cause a redirect to strip `.html` or `/index` and end up triggering this rule again. Please fix or remove this rule to silence this warning.
2026-03-08 23:15:29 +00:00:       at dist/_redirects:2 | /*    /index.html   200
2026-03-08 23:15:29 +00:00:   
2026-03-08 23:15:29 +00:00:   
2026-03-08 23:15:29 +00:00: 
2026-03-08 23:15:29 +00:00: 
2026-03-08 23:27:43 +00:00: [33mā–² [43;33m[[43;30mWARNING[43;33m][0m [1mFound 1 invalid redirect rule:[0m
2026-03-08 23:27:43 +00:00: 
2026-03-08 23:27:43 +00:00:   ā–¶ļøˇ Infinite loop detected in this rule and has been ignored. This will cause a redirect to strip `.html` or `/index` and end up triggering this rule again. Please fix or remove this rule to silence this warning.
2026-03-08 23:27:43 +00:00:       at dist/_redirects:2 | /*    /index.html   200
2026-03-08 23:27:43 +00:00:   
2026-03-08 23:27:43 +00:00:   
2026-03-08 23:27:43 +00:00: 
2026-03-08 23:27:43 +00:00: 
2026-03-09 00:27:02 +00:00: [33mā–² [43;33m[[43;30mWARNING[43;33m][0m [1mFound 1 invalid redirect rule:[0m
2026-03-09 00:27:02 +00:00: 
2026-03-09 00:27:02 +00:00:   ā–¶ļøˇ Infinite loop detected in this rule and has been ignored. This will cause a redirect to strip `.html` or `/index` and end up triggering this rule again. Please fix or remove this rule to silence this warning.
2026-03-09 00:27:02 +00:00:       at dist/_redirects:2 | /*    /index.html   200
2026-03-09 00:27:02 +00:00:   
2026-03-09 00:27:02 +00:00:   
2026-03-09 00:27:02 +00:00: 
2026-03-09 00:27:02 +00:00: 
2026-03-09 03:54:57 +00:00: [33mā–² [43;33m[[43;30mWARNING[43;33m][0m [1mFound 1 invalid redirect rule:[0m
2026-03-09 03:54:57 +00:00: 
2026-03-09 03:54:57 +00:00:   ā–¶ļøˇ Infinite loop detected in this rule and has been ignored. This will cause a redirect to strip `.html` or `/index` and end up triggering this rule again. Please fix or remove this rule to silence this warning.
2026-03-09 03:54:57 +00:00:       at dist/_redirects:2 | /*    /index.html   200
2026-03-09 03:54:57 +00:00:   
2026-03-09 03:54:57 +00:00:   
2026-03-09 03:54:57 +00:00: 
2026-03-09 03:54:57 +00:00: 
2026-03-09 07:50:02 +00:00: [33mā–² [43;33m[[43;30mWARNING[43;33m][0m [1mFound 1 invalid redirect rule:[0m
2026-03-09 07:50:02 +00:00: 
2026-03-09 07:50:02 +00:00:   ā–¶ļøˇ Infinite loop detected in this rule and has been ignored. This will cause a redirect to strip `.html` or `/index` and end up triggering this rule again. Please fix or remove this rule to silence this warning.
2026-03-09 07:50:02 +00:00:       at dist/_redirects:2 | /*    /index.html   200
2026-03-09 07:50:02 +00:00:   
2026-03-09 07:50:02 +00:00:   
2026-03-09 07:50:02 +00:00: 
2026-03-09 07:50:02 +00:00: 
2026-03-11 12:00:04 +00:00: [33mā–² [43;33m[[43;30mWARNING[43;33m][0m [1mFound 1 invalid redirect rule:[0m
2026-03-11 12:00:04 +00:00: 
2026-03-11 12:00:04 +00:00:   ā–¶ļøˇ Infinite loop detected in this rule and has been ignored. This will cause a redirect to strip `.html` or `/index` and end up triggering this rule again. Please fix or remove this rule to silence this warning.
2026-03-11 12:00:04 +00:00:       at dist/_redirects:2 | /*    /index.html   200
2026-03-11 12:00:04 +00:00:   
2026-03-11 12:00:04 +00:00:   
2026-03-11 12:00:04 +00:00: 
2026-03-11 12:00:04 +00:00: 
2026-03-11 12:00:04 +00:00: [33mā–² [43;33m[[43;30mWARNING[43;33m][0m [1mFound 1 invalid header rule:[0m
2026-03-11 12:00:04 +00:00: 
2026-03-11 12:00:04 +00:00:   ā–¶ļøˇ Ignoring line 9 as it exceeds the maximum allowed length of 2000.
2026-03-11 12:00:04 +00:00:   
2026-03-11 12:00:04 +00:00: 
2026-03-11 12:00:04 +00:00: 
2026-03-11 12:01:32 +00:00: [33mā–² [43;33m[[43;30mWARNING[43;33m][0m [1mFound 1 invalid redirect rule:[0m
2026-03-11 12:01:32 +00:00: 
2026-03-11 12:01:32 +00:00:   ā–¶ļøˇ Infinite loop detected in this rule and has been ignored. This will cause a redirect to strip `.html` or `/index` and end up triggering this rule again. Please fix or remove this rule to silence this warning.
2026-03-11 12:01:32 +00:00:       at dist/_redirects:2 | /*    /index.html   200
2026-03-11 12:01:32 +00:00:   
2026-03-11 12:01:32 +00:00:   
2026-03-11 12:01:32 +00:00: 
2026-03-11 12:01:32 +00:00: 
2026-03-11 12:01:32 +00:00: [33mā–² [43;33m[[43;30mWARNING[43;33m][0m [1mFound 1 invalid header rule:[0m
2026-03-11 12:01:32 +00:00: 
2026-03-11 12:01:32 +00:00:   ā–¶ļøˇ Ignoring line 9 as it exceeds the maximum allowed length of 2000.
2026-03-11 12:01:32 +00:00:   
2026-03-11 12:01:32 +00:00: 
2026-03-11 12:01:32 +00:00: 
2026-03-11 12:04:37 +00:00: [33mā–² [43;33m[[43;30mWARNING[43;33m][0m [1mFound 1 invalid redirect rule:[0m
2026-03-11 12:04:37 +00:00: 
2026-03-11 12:04:37 +00:00:   ā–¶ļøˇ Infinite loop detected in this rule and has been ignored. This will cause a redirect to strip `.html` or `/index` and end up triggering this rule again. Please fix or remove this rule to silence this warning.
2026-03-11 12:04:37 +00:00:       at dist/_redirects:2 | /*    /index.html   200
2026-03-11 12:04:37 +00:00:   
2026-03-11 12:04:37 +00:00:   
2026-03-11 12:04:37 +00:00: 
2026-03-11 12:04:37 +00:00: 
2026-03-11 12:04:37 +00:00: [33mā–² [43;33m[[43;30mWARNING[43;33m][0m [1mFound 1 invalid header rule:[0m
2026-03-11 12:04:37 +00:00: 
2026-03-11 12:04:37 +00:00:   ā–¶ļøˇ Ignoring line 9 as it exceeds the maximum allowed length of 2000.
2026-03-11 12:04:37 +00:00:   
2026-03-11 12:04:37 +00:00: 
2026-03-11 12:04:37 +00:00: 
2026-03-11 12:18:02 +00:00: [33mā–² [43;33m[[43;30mWARNING[43;33m][0m [1mFound 1 invalid redirect rule:[0m
2026-03-11 12:18:02 +00:00: 
2026-03-11 12:18:02 +00:00:   ā–¶ļøˇ Infinite loop detected in this rule and has been ignored. This will cause a redirect to strip `.html` or `/index` and end up triggering this rule again. Please fix or remove this rule to silence this warning.
2026-03-11 12:18:02 +00:00:       at dist/_redirects:2 | /*    /index.html   200
2026-03-11 12:18:02 +00:00:   
2026-03-11 12:18:02 +00:00:   
2026-03-11 12:18:02 +00:00: 
2026-03-11 12:18:02 +00:00: 
2026-03-11 12:18:02 +00:00: [33mā–² [43;33m[[43;30mWARNING[43;33m][0m [1mFound 1 invalid header rule:[0m
2026-03-11 12:18:02 +00:00: 
2026-03-11 12:18:02 +00:00:   ā–¶ļøˇ Ignoring line 9 as it exceeds the maximum allowed length of 2000.
2026-03-11 12:18:02 +00:00:   
2026-03-11 12:18:02 +00:00: 
2026-03-11 12:18:02 +00:00: 
2026-03-11 12:26:27 +00:00: [33mā–² [43;33m[[43;30mWARNING[43;33m][0m [1mFound 1 invalid redirect rule:[0m
2026-03-11 12:26:27 +00:00: 
2026-03-11 12:26:27 +00:00:   ā–¶ļøˇ Infinite loop detected in this rule and has been ignored. This will cause a redirect to strip `.html` or `/index` and end up triggering this rule again. Please fix or remove this rule to silence this warning.
2026-03-11 12:26:27 +00:00:       at dist/_redirects:2 | /*    /index.html   200
2026-03-11 12:26:27 +00:00:   
2026-03-11 12:26:27 +00:00:   
2026-03-11 12:26:27 +00:00: 
2026-03-11 12:26:27 +00:00: 
2026-03-11 12:26:27 +00:00: [33mā–² [43;33m[[43;30mWARNING[43;33m][0m [1mFound 1 invalid header rule:[0m
2026-03-11 12:26:27 +00:00: 
2026-03-11 12:26:27 +00:00:   ā–¶ļøˇ Ignoring line 9 as it exceeds the maximum allowed length of 2000.
2026-03-11 12:26:27 +00:00:   
2026-03-11 12:26:27 +00:00: 
2026-03-11 12:26:27 +00:00: 
2026-03-11 12:51:46 +00:00: [33mā–² [43;33m[[43;30mWARNING[43;33m][0m [1mFound 1 invalid redirect rule:[0m
2026-03-11 12:51:46 +00:00: 
2026-03-11 12:51:46 +00:00:   ā–¶ļøˇ Infinite loop detected in this rule and has been ignored. This will cause a redirect to strip `.html` or `/index` and end up triggering this rule again. Please fix or remove this rule to silence this warning.
2026-03-11 12:51:46 +00:00:       at dist/_redirects:2 | /*    /index.html   200
2026-03-11 12:51:46 +00:00:   
2026-03-11 12:51:46 +00:00:   
2026-03-11 12:51:46 +00:00: 
2026-03-11 12:51:46 +00:00: 
2026-03-11 12:51:46 +00:00: [33mā–² [43;33m[[43;30mWARNING[43;33m][0m [1mFound 1 invalid header rule:[0m
2026-03-11 12:51:46 +00:00: 
2026-03-11 12:51:46 +00:00:   ā–¶ļøˇ Ignoring line 9 as it exceeds the maximum allowed length of 2000.
2026-03-11 12:51:46 +00:00:   
2026-03-11 12:51:46 +00:00: 
2026-03-11 12:51:46 +00:00: 
2026-03-11 13:12:31 +00:00: [33mā–² [43;33m[[43;30mWARNING[43;33m][0m [1mFound 1 invalid redirect rule:[0m
2026-03-11 13:12:31 +00:00: 
2026-03-11 13:12:31 +00:00:   ā–¶ļøˇ Infinite loop detected in this rule and has been ignored. This will cause a redirect to strip `.html` or `/index` and end up triggering this rule again. Please fix or remove this rule to silence this warning.
2026-03-11 13:12:31 +00:00:       at dist/_redirects:2 | /*    /index.html   200
2026-03-11 13:12:31 +00:00:   
2026-03-11 13:12:31 +00:00:   
2026-03-11 13:12:31 +00:00: 
2026-03-11 13:12:31 +00:00: 
2026-03-11 13:12:31 +00:00: [33mā–² [43;33m[[43;30mWARNING[43;33m][0m [1mFound 1 invalid header rule:[0m
2026-03-11 13:12:31 +00:00: 
2026-03-11 13:12:31 +00:00:   ā–¶ļøˇ Ignoring line 9 as it exceeds the maximum allowed length of 2000.
2026-03-11 13:12:31 +00:00:   
2026-03-11 13:12:31 +00:00: 
2026-03-11 13:12:31 +00:00: 
2026-03-11 13:16:28 +00:00: [33mā–² [43;33m[[43;30mWARNING[43;33m][0m [1mFound 1 invalid redirect rule:[0m
2026-03-11 13:16:28 +00:00: 
2026-03-11 13:16:28 +00:00:   ā–¶ļøˇ Infinite loop detected in this rule and has been ignored. This will cause a redirect to strip `.html` or `/index` and end up triggering this rule again. Please fix or remove this rule to silence this warning.
2026-03-11 13:16:28 +00:00:       at dist/_redirects:2 | /*    /index.html   200
2026-03-11 13:16:28 +00:00:   
2026-03-11 13:16:28 +00:00:   
2026-03-11 13:16:28 +00:00: 
2026-03-11 13:16:28 +00:00: 
2026-03-11 13:16:28 +00:00: [33mā–² [43;33m[[43;30mWARNING[43;33m][0m [1mFound 1 invalid header rule:[0m
2026-03-11 13:16:28 +00:00: 
2026-03-11 13:16:28 +00:00:   ā–¶ļøˇ Ignoring line 9 as it exceeds the maximum allowed length of 2000.
2026-03-11 13:16:28 +00:00:   
2026-03-11 13:16:28 +00:00: 
2026-03-11 13:16:28 +00:00: 
2026-03-11 13:17:25 +00:00: [33mā–² [43;33m[[43;30mWARNING[43;33m][0m [1mFound 1 invalid redirect rule:[0m
2026-03-11 13:17:25 +00:00: 
2026-03-11 13:17:25 +00:00:   ā–¶ļøˇ Infinite loop detected in this rule and has been ignored. This will cause a redirect to strip `.html` or `/index` and end up triggering this rule again. Please fix or remove this rule to silence this warning.
2026-03-11 13:17:25 +00:00:       at dist/_redirects:2 | /*    /index.html   200
2026-03-11 13:17:25 +00:00:   
2026-03-11 13:17:25 +00:00:   
2026-03-11 13:17:25 +00:00: 
2026-03-11 13:17:25 +00:00: 
2026-03-11 13:17:25 +00:00: [33mā–² [43;33m[[43;30mWARNING[43;33m][0m [1mFound 1 invalid header rule:[0m
2026-03-11 13:17:25 +00:00: 
2026-03-11 13:17:25 +00:00:   ā–¶ļøˇ Ignoring line 9 as it exceeds the maximum allowed length of 2000.
2026-03-11 13:17:25 +00:00:   
2026-03-11 13:17:25 +00:00: 
2026-03-11 13:17:25 +00:00: 
2026-03-11 13:24:06 +00:00: [33mā–² [43;33m[[43;30mWARNING[43;33m][0m [1mFound 1 invalid redirect rule:[0m
2026-03-11 13:24:06 +00:00: 
2026-03-11 13:24:06 +00:00:   ā–¶ļøˇ Infinite loop detected in this rule and has been ignored. This will cause a redirect to strip `.html` or `/index` and end up triggering this rule again. Please fix or remove this rule to silence this warning.
2026-03-11 13:24:06 +00:00:       at dist/_redirects:2 | /*    /index.html   200
2026-03-11 13:24:06 +00:00:   
2026-03-11 13:24:06 +00:00:   
2026-03-11 13:24:06 +00:00: 
2026-03-11 13:24:06 +00:00: 
2026-03-11 13:24:06 +00:00: [33mā–² [43;33m[[43;30mWARNING[43;33m][0m [1mFound 1 invalid header rule:[0m
2026-03-11 13:24:06 +00:00: 
2026-03-11 13:24:06 +00:00:   ā–¶ļøˇ Ignoring line 9 as it exceeds the maximum allowed length of 2000.
2026-03-11 13:24:06 +00:00:   
2026-03-11 13:24:06 +00:00: 
2026-03-11 13:24:06 +00:00: 
